<?xml version="1.0" encoding="UTF-8"?>
<!-- Generated by org.testng.reporters.JUnitReportReporter -->
<testsuite skipped="0" hostname="DESKTOP-BRPS72H" name="scripts.Naukri" tests="1" failures="0" timestamp="15 Jun 2020 11:58:03 GMT" time="9.523" errors="1">
  <testcase name="testLogin" time="9.523" classname="scripts.Naukri">
    <error type="org.openqa.selenium.SessionNotCreatedException" message="session not created: This version of ChromeDriver only supports Chrome version 81
Build info: version: &#039;3.11.0&#039;, revision: &#039;e59cfb3&#039;, time: &#039;2018-03-11T20:26:55.152Z&#039;
System info: host: &#039;DESKTOP-BRPS72H&#039;, ip: &#039;192.168.1.102&#039;, os.name: &#039;Windows 10&#039;, os.arch: &#039;amd64&#039;, os.version: &#039;10.0&#039;, java.version: &#039;1.8.0_251&#039;
Driver info: driver.version: ChromeDriver
remote stacktrace: Backtrace:
	Ordinal0 [0x00A35F73+2449267]
	Ordinal0 [0x00968361+1606497]
	Ordinal0 [0x0085F969+522601]
	Ordinal0 [0x007F05F3+67059]
	Ordinal0 [0x007ECD92+52626]
	Ordinal0 [0x0080C127+180519]
	Ordinal0 [0x0080BF2D+180013]
	Ordinal0 [0x00809E5B+171611]
	Ordinal0 [0x007F1DD8+73176]
	Ordinal0 [0x007F2E50+77392]
	Ordinal0 [0x007F2DE9+77289]
	Ordinal0 [0x0097D8D7+1693911]
	GetHandleVerifier [0x00AD4036+522726]
	GetHandleVerifier [0x00AD3D74+522020]
	GetHandleVerifier [0x00AE9187+609079]
	GetHandleVerifier [0x00AD48A6+524886]
	Ordinal0 [0x00975CBC+1662140]
	Ordinal0 [0x0097F23B+1700411]
	Ordinal0 [0x0097F3A3+1700771]
	Ordinal0 [0x00995215+1790485]
	BaseThreadInitThunk [0x75D16359+25]
	RtlGetAppContainerNamedObjectPath [0x77917C24+228]
	RtlGetAppContainerNamedObjectPath [0x77917BF4+180]
">
      <![CDATA[org.openqa.selenium.SessionNotCreatedException: session not created: This version of ChromeDriver only supports Chrome version 81Build info: version: '3.11.0', revision: 'e59cfb3', time: '2018-03-11T20:26:55.152Z'System info: host: 'DESKTOP-BRPS72H', ip: '192.168.1.102', os.name: 'Windows 10', os.arch: 'amd64', os.version: '10.0', java.version: '1.8.0_251'Driver info: driver.version: ChromeDriverremote stacktrace: Backtrace:Ordinal0 [0x00A35F73+2449267]Ordinal0 [0x00968361+1606497]Ordinal0 [0x0085F969+522601]Ordinal0 [0x007F05F3+67059]Ordinal0 [0x007ECD92+52626]Ordinal0 [0x0080C127+180519]Ordinal0 [0x0080BF2D+180013]Ordinal0 [0x00809E5B+171611]Ordinal0 [0x007F1DD8+73176]Ordinal0 [0x007F2E50+77392]Ordinal0 [0x007F2DE9+77289]Ordinal0 [0x0097D8D7+1693911]GetHandleVerifier [0x00AD4036+522726]GetHandleVerifier [0x00AD3D74+522020]GetHandleVerifier [0x00AE9187+609079]GetHandleVerifier [0x00AD48A6+524886]Ordinal0 [0x00975CBC+1662140]Ordinal0 [0x0097F23B+1700411]Ordinal0 [0x0097F3A3+1700771]Ordinal0 [0x00995215+1790485]BaseThreadInitThunk [0x75D16359+25]RtlGetAppContainerNamedObjectPath [0x77917C24+228]RtlGetAppContainerNamedObjectPath [0x77917BF4+180]at sun.reflect.NativeConstructorAccessorImpl.newInstance0(Native Method)at sun.reflect.NativeConstructorAccessorImpl.newInstance(Unknown Source)at sun.reflect.DelegatingConstructorAccessorImpl.newInstance(Unknown Source)at java.lang.reflect.Constructor.newInstance(Unknown Source)at org.openqa.selenium.remote.W3CHandshakeResponse.lambda$new$0(W3CHandshakeResponse.java:57)at org.openqa.selenium.remote.W3CHandshakeResponse.lambda$getResponseFunction$2(W3CHandshakeResponse.java:104)at org.openqa.selenium.remote.ProtocolHandshake.lambda$createSession$0(ProtocolHandshake.java:123)at java.util.stream.ReferencePipeline$3$1.accept(Unknown Source)at java.util.Spliterators$ArraySpliterator.tryAdvance(Unknown Source)at java.util.stream.ReferencePipeline.forEachWithCancel(Unknown Source)at java.util.stream.AbstractPipeline.copyIntoWithCancel(Unknown Source)at java.util.stream.AbstractPipeline.copyInto(Unknown Source)at java.util.stream.AbstractPipeline.wrapAndCopyInto(Unknown Source)at java.util.stream.FindOps$FindOp.evaluateSequential(Unknown Source)at java.util.stream.AbstractPipeline.evaluate(Unknown Source)at java.util.stream.ReferencePipeline.findFirst(Unknown Source)at org.openqa.selenium.remote.ProtocolHandshake.createSession(ProtocolHandshake.java:126)at org.openqa.selenium.remote.ProtocolHandshake.createSession(ProtocolHandshake.java:73)at org.openqa.selenium.remote.HttpCommandExecutor.execute(HttpCommandExecutor.java:136)at org.openqa.selenium.remote.service.DriverCommandExecutor.execute(DriverCommandExecutor.java:83)at org.openqa.selenium.remote.RemoteWebDriver.execute(RemoteWebDriver.java:545)at org.openqa.selenium.remote.RemoteWebDriver.startSession(RemoteWebDriver.java:209)at org.openqa.selenium.remote.RemoteWebDriver.<init>(RemoteWebDriver.java:132)at org.openqa.selenium.chrome.ChromeDriver.<init>(ChromeDriver.java:181)at org.openqa.selenium.chrome.ChromeDriver.<init>(ChromeDriver.java:168)at org.openqa.selenium.chrome.ChromeDriver.<init>(ChromeDriver.java:123)at resources.Base.initializeDriver(Base.java:30)at scripts.Naukri.testLogin(Naukri.java:17)at sun.reflect.NativeMethodAccessorImpl.invoke0(Native Method)at sun.reflect.NativeMethodAccessorImpl.invoke(Unknown Source)at sun.reflect.DelegatingMethodAccessorImpl.invoke(Unknown Source)at java.lang.reflect.Method.invoke(Unknown Source)at org.testng.internal.MethodInvocationHelper.invokeMethod(MethodInvocationHelper.java:124)at org.testng.internal.Invoker.invokeMethod(Invoker.java:571)at org.testng.internal.Invoker.invokeTestMethod(Invoker.java:707)at org.testng.internal.Invoker.invokeTestMethods(Invoker.java:979)at org.testng.internal.TestMethodWorker.invokeTestMethods(TestMethodWorker.java:125)at org.testng.internal.TestMethodWorker.run(TestMethodWorker.java:109)at org.testng.TestRunner.privateRun(TestRunner.java:648)at org.testng.TestRunner.run(TestRunner.java:505)at org.testng.SuiteRunner.runTest(SuiteRunner.java:455)at org.testng.SuiteRunner.runSequentially(SuiteRunner.java:450)at org.testng.SuiteRunner.privateRun(SuiteRunner.java:415)at org.testng.SuiteRunner.run(SuiteRunner.java:364)at org.testng.SuiteRunnerWorker.runSuite(SuiteRunnerWorker.java:52)at org.testng.SuiteRunnerWorker.run(SuiteRunnerWorker.java:84)at org.testng.TestNG.runSuitesSequentially(TestNG.java:1187)at org.testng.TestNG.runSuitesLocally(TestNG.java:1116)at org.testng.TestNG.runSuites(TestNG.java:1028)at org.testng.TestNG.run(TestNG.java:996)at org.testng.remote.AbstractRemoteTestNG.run(AbstractRemoteTestNG.java:114)at org.testng.remote.RemoteTestNG.initAndRun(RemoteTestNG.java:251)at org.testng.remote.RemoteTestNG.main(RemoteTestNG.java:77)]]>
    </error>
  </testcase> <!-- testLogin -->
</testsuite> <!-- scripts.Naukri -->
